#
# There is insufficient memory for the Java Runtime Environment to continue.
# Native memory allocation (malloc) failed to allocate 165776 bytes for Chunk::new
# Possible reasons:
#   The system is out of physical RAM or swap space
#   The process is running with CompressedOops enabled, and the Java Heap may be blocking the growth of the native heap
# Possible solutions:
#   Reduce memory load on the system
#   Increase physical memory or swap space
#   Check if swap backing store is full
#   Decrease Java heap size (-Xmx/-Xms)
#   Decrease number of Java threads
#   Decrease Java thread stack sizes (-Xss)
#   Set larger code cache with -XX:ReservedCodeCacheSize=
#   JVM is running with Unscaled Compressed Oops mode in which the Java heap is
#     placed in the first 4GB address space. The Java Heap base address is the
#     maximum limit for the native heap growth. Please use -XX:HeapBaseMinAddress
#     to set the Java Heap base and to place the Java Heap above 4GB virtual address.
# This output file may be truncated or incomplete.
#
#  Out of Memory Error (arena.cpp:195), pid=2280, tid=12904
#
# JRE version: OpenJDK Runtime Environment (16.0.1+9) (build 16.0.1+9-24)
# Java VM: OpenJDK 64-Bit Server VM (16.0.1+9-24, mixed mode, sharing, tiered, compressed oops, compressed class ptrs, g1 gc, windows-amd64)
# No core dump will be written. Minidumps are not enabled by default on client versions of Windows
#

---------------  S U M M A R Y ------------

Command Line: -Dmaven.multiModuleProjectDirectory=D:\DEV\IdeaProjects\PoliticalCompassBot -Dmaven.home=C:\Users\UserX\AppData\Local\JetBrains\Toolbox\apps\IDEA-U\ch-0\211.7142.45\plugins\maven\lib\maven3 -Dclassworlds.conf=C:\Users\UserX\AppData\Local\JetBrains\Toolbox\apps\IDEA-U\ch-0\211.7142.45\plugins\maven\lib\maven3\bin\m2.conf -Dmaven.ext.class.path=C:\Users\UserX\AppData\Local\JetBrains\Toolbox\apps\IDEA-U\ch-0\211.7142.45\plugins\maven\lib\maven-event-listener.jar -javaagent:C:\Users\UserX\AppData\Local\JetBrains\Toolbox\apps\IDEA-U\ch-0\211.7142.45\lib\idea_rt.jar=52129:C:\Users\UserX\AppData\Local\JetBrains\Toolbox\apps\IDEA-U\ch-0\211.7142.45\bin -Dfile.encoding=UTF-8 org.codehaus.classworlds.Launcher -Didea.version=2021.1.1 clean heroku:deploy

Host: Intel(R) Core(TM) i5-7200U CPU @ 2.50GHz, 4 cores, 7G,  Windows 10 , 64 bit Build 17763 (10.0.17763.475)
Time: Thu May 13 21:50:49 2021 Финляндия (лето) elapsed time: 58.066434 seconds (0d 0h 0m 58s)

---------------  T H R E A D  ---------------

Current thread (0x0000014553d15940):  JavaThread "C2 CompilerThread0" daemon [_thread_in_native, id=12904, stack(0x00000013fd600000,0x00000013fd700000)]


Current CompileTask:
C2:  58066 9531 %     4       com.sun.crypto.provider.GHASH::processBlocks @ 3 (26 bytes)

Stack: [0x00000013fd600000,0x00000013fd700000]
Native frames: (J=compiled Java code, j=interpreted, Vv=VM code, C=native code)
V  [jvm.dll+0x6687ca]
V  [jvm.dll+0x7ca3c9]
V  [jvm.dll+0x7cbb53]
V  [jvm.dll+0x7cc1b3]
V  [jvm.dll+0x242ea5]
V  [jvm.dll+0xadeca]
V  [jvm.dll+0xae5ac]
V  [jvm.dll+0x2a52cf]
V  [jvm.dll+0x574359]
V  [jvm.dll+0x21eb55]
V  [jvm.dll+0x217e51]
V  [jvm.dll+0x21524c]
V  [jvm.dll+0x1a1d9b]
V  [jvm.dll+0x2253a8]
V  [jvm.dll+0x2233ec]
V  [jvm.dll+0x780002]
V  [jvm.dll+0x779b4a]
V  [jvm.dll+0x667666]
C  [ucrtbase.dll+0x2268a]
C  [KERNEL32.DLL+0x17974]
C  [ntdll.dll+0x5a0b1]


---------------  P R O C E S S  ---------------

Threads class SMR info:
_java_thread_list=0x0000014558083450, length=13, elements={
0x00000145346c2230, 0x0000014553cfb110, 0x0000014553cfbfd0, 0x0000014553d0f7f0,
0x0000014553d103f0, 0x0000014553d12000, 0x0000014553d12c00, 0x0000014553d15940,
0x0000014553d21940, 0x0000014553d6e240, 0x0000014553cdb1b0, 0x0000014554941180,
0x00000145549416a0
}

Java Threads: ( => current thread )
  0x00000145346c2230 JavaThread "main" [_thread_in_native, id=3712, stack(0x00000013fc900000,0x00000013fca00000)]
  0x0000014553cfb110 JavaThread "Reference Handler" daemon [_thread_blocked, id=12744, stack(0x00000013fd000000,0x00000013fd100000)]
  0x0000014553cfbfd0 JavaThread "Finalizer" daemon [_thread_blocked, id=12024, stack(0x00000013fd100000,0x00000013fd200000)]
  0x0000014553d0f7f0 JavaThread "Signal Dispatcher" daemon [_thread_blocked, id=14080, stack(0x00000013fd200000,0x00000013fd300000)]
  0x0000014553d103f0 JavaThread "Attach Listener" daemon [_thread_blocked, id=13772, stack(0x00000013fd300000,0x00000013fd400000)]
  0x0000014553d12000 JavaThread "Service Thread" daemon [_thread_blocked, id=10944, stack(0x00000013fd400000,0x00000013fd500000)]
  0x0000014553d12c00 JavaThread "Monitor Deflation Thread" daemon [_thread_blocked, id=10164, stack(0x00000013fd500000,0x00000013fd600000)]
=>0x0000014553d15940 JavaThread "C2 CompilerThread0" daemon [_thread_in_native, id=12904, stack(0x00000013fd600000,0x00000013fd700000)]
  0x0000014553d21940 JavaThread "C1 CompilerThread0" daemon [_thread_blocked, id=13936, stack(0x00000013fd700000,0x00000013fd800000)]
  0x0000014553d6e240 JavaThread "Sweeper thread" daemon [_thread_blocked, id=5644, stack(0x00000013fd800000,0x00000013fd900000)]
  0x0000014553cdb1b0 JavaThread "Common-Cleaner" daemon [_thread_blocked, id=7504, stack(0x00000013fd900000,0x00000013fda00000)]
  0x0000014554941180 JavaThread "Monitor Ctrl-Break" daemon [_thread_in_native, id=5372, stack(0x00000013fda00000,0x00000013fdb00000)]
  0x00000145549416a0 JavaThread "Notification Thread" daemon [_thread_blocked, id=11728, stack(0x00000013fdb00000,0x00000013fdc00000)]

Other Threads:
  0x0000014553cf56e0 VMThread "VM Thread" [stack: 0x00000013fcf00000,0x00000013fd000000] [id=4880]
  0x00000145346c3230 WatcherThread [stack: 0x00000013fdc00000,0x00000013fdd00000] [id=9800]
  0x00000145346fee10 GCTaskThread "GC Thread#0" [stack: 0x00000013fca00000,0x00000013fcb00000] [id=7876]
  0x0000014554c264a0 GCTaskThread "GC Thread#1" [stack: 0x00000013fde00000,0x00000013fdf00000] [id=12816]
  0x0000014554c267b0 GCTaskThread "GC Thread#2" [stack: 0x00000013fdf00000,0x00000013fe000000] [id=2520]
  0x000001455505e9c0 GCTaskThread "GC Thread#3" [stack: 0x00000013fe000000,0x00000013fe100000] [id=5008]
  0x0000014534711a70 ConcurrentGCThread "G1 Main Marker" [stack: 0x00000013fcb00000,0x00000013fcc00000] [id=3332]
  0x00000145347124e0 ConcurrentGCThread "G1 Conc#0" [stack: 0x00000013fcc00000,0x00000013fcd00000] [id=3432]
  0x000001453478e6d0 ConcurrentGCThread "G1 Refine#0" [stack: 0x00000013fcd00000,0x00000013fce00000] [id=12868]
  0x0000014554c26ac0 ConcurrentGCThread "G1 Refine#1" [stack: 0x00000013fe100000,0x00000013fe200000] [id=11680]
  0x0000014557639da0 ConcurrentGCThread "G1 Refine#2" [stack: 0x00000013fe400000,0x00000013fe500000] [id=2836]
  0x000001455763a0e0 ConcurrentGCThread "G1 Refine#3" [stack: 0x00000013fe500000,0x00000013fe600000] [id=3156]
  0x0000014553baa360 ConcurrentGCThread "G1 Service" [stack: 0x00000013fce00000,0x00000013fcf00000] [id=212]

Threads with active compile tasks:
C2 CompilerThread0    58108 9531 %     4       com.sun.crypto.provider.GHASH::processBlocks @ 3 (26 bytes)

VM state: not at safepoint (normal execution)

VM Mutex/Monitor currently owned by a thread: None

Heap address: 0x0000000082000000, size: 2016 MB, Compressed Oops mode: 32-bit

CDS archive(s) mapped at: [0x0000000800000000-0x0000000800bb0000-0x0000000800bb0000), size 12255232, SharedBaseAddress: 0x0000000800000000, ArchiveRelocationMode: 0.
Compressed class space mapped at: 0x0000000800c00000-0x0000000840c00000, reserved size: 1073741824
Narrow klass base: 0x0000000800000000, Narrow klass shift: 3, Narrow klass range: 0x100000000

GC Precious Log:
 CPUs: 4 total, 4 available
 Memory: 8060M
 Large Page Support: Disabled
 NUMA Support: Disabled
 Compressed Oops: Enabled (32-bit)
 Heap Region Size: 1M
 Heap Min Capacity: 8M
 Heap Initial Capacity: 126M
 Heap Max Capacity: 2016M
 Pre-touch: Disabled
 Parallel Workers: 4
 Concurrent Workers: 1
 Concurrent Refinement Workers: 4
 Periodic GC: Disabled

Heap:
 garbage-first heap   total 103424K, used 80251K [0x0000000082000000, 0x0000000100000000)
  region size 1024K, 40 young (40960K), 6 survivors (6144K)
 Metaspace       used 44418K, committed 44864K, reserved 1089536K
  class space    used 4993K, committed 5184K, reserved 1048576K

Heap Regions: E=young(eden), S=young(survivor), O=old, HS=humongous(starts), HC=humongous(continues), CS=collection set, F=free, OA=open archive, CA=closed archive, TAMS=top-at-mark-start (previous, next)
|   0|0x0000000082000000, 0x0000000082100000, 0x0000000082100000|100%| O|  |TAMS 0x0000000082100000, 0x0000000082000000| Untracked 
|   1|0x0000000082100000, 0x0000000082200000, 0x0000000082200000|100%| O|  |TAMS 0x0000000082200000, 0x0000000082100000| Untracked 
|   2|0x0000000082200000, 0x0000000082300000, 0x0000000082300000|100%| O|  |TAMS 0x0000000082300000, 0x0000000082200000| Untracked 
|   3|0x0000000082300000, 0x0000000082400000, 0x0000000082400000|100%| O|  |TAMS 0x0000000082400000, 0x0000000082300000| Untracked 
|   4|0x0000000082400000, 0x0000000082500000, 0x0000000082500000|100%| O|  |TAMS 0x0000000082500000, 0x0000000082400000| Untracked 
|   5|0x0000000082500000, 0x0000000082600000, 0x0000000082600000|100%| O|  |TAMS 0x0000000082600000, 0x0000000082500000| Untracked 
|   6|0x0000000082600000, 0x0000000082700000, 0x0000000082700000|100%| O|  |TAMS 0x0000000082700000, 0x0000000082600000| Untracked 
|   7|0x0000000082700000, 0x0000000082800000, 0x0000000082800000|100%| O|  |TAMS 0x0000000082800000, 0x0000000082700000| Untracked 
|   8|0x0000000082800000, 0x0000000082900000, 0x0000000082900000|100%| O|  |TAMS 0x0000000082900000, 0x0000000082800000| Untracked 
|   9|0x0000000082900000, 0x0000000082a00000, 0x0000000082a00000|100%| O|  |TAMS 0x0000000082a00000, 0x0000000082900000| Untracked 
|  10|0x0000000082a00000, 0x0000000082b00000, 0x0000000082b00000|100%| O|  |TAMS 0x0000000082b00000, 0x0000000082a00000| Untracked 
|  11|0x0000000082b00000, 0x0000000082c00000, 0x0000000082c00000|100%| O|  |TAMS 0x0000000082b00000, 0x0000000082b00000| Untracked 
|  12|0x0000000082c00000, 0x0000000082d00000, 0x0000000082d00000|100%| O|  |TAMS 0x0000000082d00000, 0x0000000082c00000| Untracked 
|  13|0x0000000082d00000, 0x0000000082e00000, 0x0000000082e00000|100%| O|  |TAMS 0x0000000082e00000, 0x0000000082d00000| Untracked 
|  14|0x0000000082e00000, 0x0000000082f00000, 0x0000000082f00000|100%| O|  |TAMS 0x0000000082e00000, 0x0000000082e00000| Untracked 
|  15|0x0000000082f00000, 0x0000000083000000, 0x0000000083000000|100%|HS|  |TAMS 0x0000000083000000, 0x0000000082f00000| Complete 
|  16|0x0000000083000000, 0x0000000083100000, 0x0000000083100000|100%| O|  |TAMS 0x0000000083100000, 0x0000000083000000| Untracked 
|  17|0x0000000083100000, 0x0000000083200000, 0x0000000083200000|100%| O|  |TAMS 0x0000000083200000, 0x0000000083100000| Untracked 
|  18|0x0000000083200000, 0x0000000083300000, 0x0000000083300000|100%| O|  |TAMS 0x0000000083300000, 0x0000000083200000| Untracked 
|  19|0x0000000083300000, 0x0000000083400000, 0x0000000083400000|100%| O|  |TAMS 0x0000000083400000, 0x0000000083300000| Untracked 
|  20|0x0000000083400000, 0x0000000083500000, 0x0000000083500000|100%| O|  |TAMS 0x0000000083500000, 0x0000000083400000| Untracked 
|  21|0x0000000083500000, 0x0000000083600000, 0x0000000083600000|100%| O|  |TAMS 0x0000000083600000, 0x0000000083500000| Untracked 
|  22|0x0000000083600000, 0x0000000083700000, 0x0000000083700000|100%| O|  |TAMS 0x0000000083700000, 0x0000000083600000| Untracked 
|  23|0x0000000083700000, 0x0000000083800000, 0x0000000083800000|100%| O|  |TAMS 0x0000000083700000, 0x0000000083700000| Untracked 
|  24|0x0000000083800000, 0x000000008381ca00, 0x0000000083900000| 11%| O|  |TAMS 0x0000000083800000, 0x0000000083800000| Untracked 
|  25|0x0000000083900000, 0x0000000083a00000, 0x0000000083a00000|100%| O|  |TAMS 0x0000000083900000, 0x0000000083900000| Untracked 
|  26|0x0000000083a00000, 0x0000000083b00000, 0x0000000083b00000|100%| O|  |TAMS 0x0000000083a00000, 0x0000000083a00000| Untracked 
|  27|0x0000000083b00000, 0x0000000083c00000, 0x0000000083c00000|100%| O|  |TAMS 0x0000000083b00000, 0x0000000083b00000| Untracked 
|  28|0x0000000083c00000, 0x0000000083d00000, 0x0000000083d00000|100%| O|  |TAMS 0x0000000083c00000, 0x0000000083c00000| Untracked 
|  29|0x0000000083d00000, 0x0000000083e00000, 0x0000000083e00000|100%| O|  |TAMS 0x0000000083d00000, 0x0000000083d00000| Untracked 
|  30|0x0000000083e00000, 0x0000000083e00000, 0x0000000083f00000|  0%| F|  |TAMS 0x0000000083e00000, 0x0000000083e00000| Untracked 
|  31|0x0000000083f00000, 0x0000000083f00000, 0x0000000084000000|  0%| F|  |TAMS 0x0000000083f00000, 0x0000000083f00000| Untracked 
|  32|0x0000000084000000, 0x0000000084100000, 0x0000000084100000|100%| O|  |TAMS 0x0000000084100000, 0x0000000084000000| Untracked 
|  33|0x0000000084100000, 0x0000000084100000, 0x0000000084200000|  0%| F|  |TAMS 0x0000000084100000, 0x0000000084100000| Untracked 
|  34|0x0000000084200000, 0x0000000084200000, 0x0000000084300000|  0%| F|  |TAMS 0x0000000084200000, 0x0000000084200000| Untracked 
|  35|0x0000000084300000, 0x0000000084300000, 0x0000000084400000|  0%| F|  |TAMS 0x0000000084300000, 0x0000000084300000| Untracked 
|  36|0x0000000084400000, 0x0000000084400000, 0x0000000084500000|  0%| F|  |TAMS 0x0000000084400000, 0x0000000084400000| Untracked 
|  37|0x0000000084500000, 0x0000000084600000, 0x0000000084600000|100%|HS|  |TAMS 0x0000000084600000, 0x0000000084500000| Complete 
|  38|0x0000000084600000, 0x0000000084700000, 0x0000000084700000|100%|HC|  |TAMS 0x0000000084700000, 0x0000000084600000| Complete 
|  39|0x0000000084700000, 0x0000000084700000, 0x0000000084800000|  0%| F|  |TAMS 0x0000000084700000, 0x0000000084700000| Untracked 
|  40|0x0000000084800000, 0x0000000084800000, 0x0000000084900000|  0%| F|  |TAMS 0x0000000084800000, 0x0000000084800000| Untracked 
|  41|0x0000000084900000, 0x0000000084900000, 0x0000000084a00000|  0%| F|  |TAMS 0x0000000084900000, 0x0000000084900000| Untracked 
|  42|0x0000000084a00000, 0x0000000084b00000, 0x0000000084b00000|100%| O|  |TAMS 0x0000000084b00000, 0x0000000084a00000| Untracked 
|  43|0x0000000084b00000, 0x0000000084b00000, 0x0000000084c00000|  0%| F|  |TAMS 0x0000000084b00000, 0x0000000084b00000| Untracked 
|  44|0x0000000084c00000, 0x0000000084d00000, 0x0000000084d00000|100%| O|  |TAMS 0x0000000084d00000, 0x0000000084c00000| Untracked 
|  45|0x0000000084d00000, 0x0000000084e00000, 0x0000000084e00000|100%| O|  |TAMS 0x0000000084e00000, 0x0000000084d00000| Untracked 
|  46|0x0000000084e00000, 0x0000000084f00000, 0x0000000084f00000|100%| O|  |TAMS 0x0000000084e29400, 0x0000000084e00000| Untracked 
|  47|0x0000000084f00000, 0x0000000084f423d0, 0x0000000085000000| 25%| S|CS|TAMS 0x0000000084f00000, 0x0000000084f00000| Complete 
|  48|0x0000000085000000, 0x0000000085100000, 0x0000000085100000|100%| S|CS|TAMS 0x0000000085000000, 0x0000000085000000| Complete 
|  49|0x0000000085100000, 0x0000000085100000, 0x0000000085200000|  0%| F|  |TAMS 0x0000000085100000, 0x0000000085100000| Untracked 
|  50|0x0000000085200000, 0x0000000085200000, 0x0000000085300000|  0%| F|  |TAMS 0x0000000085200000, 0x0000000085200000| Untracked 
|  51|0x0000000085300000, 0x0000000085400000, 0x0000000085400000|100%| S|CS|TAMS 0x0000000085300000, 0x0000000085300000| Complete 
|  52|0x0000000085400000, 0x0000000085500000, 0x0000000085500000|100%| S|CS|TAMS 0x0000000085400000, 0x0000000085400000| Complete 
|  53|0x0000000085500000, 0x0000000085600000, 0x0000000085600000|100%| S|CS|TAMS 0x0000000085500000, 0x0000000085500000| Complete 
|  54|0x0000000085600000, 0x0000000085600000, 0x0000000085700000|  0%| F|  |TAMS 0x0000000085600000, 0x0000000085600000| Untracked 
|  55|0x0000000085700000, 0x0000000085700000, 0x0000000085800000|  0%| F|  |TAMS 0x0000000085700000, 0x0000000085700000| Untracked 
|  56|0x0000000085800000, 0x0000000085800000, 0x0000000085900000|  0%| F|  |TAMS 0x0000000085800000, 0x0000000085800000| Untracked 
|  57|0x0000000085900000, 0x0000000085a00000, 0x0000000085a00000|100%| S|CS|TAMS 0x0000000085900000, 0x0000000085900000| Complete 
|  58|0x0000000085a00000, 0x0000000085a00000, 0x0000000085b00000|  0%| F|  |TAMS 0x0000000085a00000, 0x0000000085a00000| Untracked 
|  59|0x0000000085b00000, 0x0000000085b00000, 0x0000000085c00000|  0%| F|  |TAMS 0x0000000085b00000, 0x0000000085b00000| Untracked 
|  60|0x0000000085c00000, 0x0000000085c00000, 0x0000000085d00000|  0%| F|  |TAMS 0x0000000085c00000, 0x0000000085c00000| Untracked 
|  61|0x0000000085d00000, 0x0000000085d00000, 0x0000000085e00000|  0%| F|  |TAMS 0x0000000085d00000, 0x0000000085d00000| Untracked 
|  62|0x0000000085e00000, 0x0000000085e00000, 0x0000000085f00000|  0%| F|  |TAMS 0x0000000085e00000, 0x0000000085e00000| Untracked 
|  63|0x0000000085f00000, 0x0000000086000000, 0x0000000086000000|100%| E|  |TAMS 0x0000000085f00000, 0x0000000085f00000| Complete 
|  64|0x0000000086000000, 0x0000000086100000, 0x0000000086100000|100%| E|CS|TAMS 0x0000000086000000, 0x0000000086000000| Complete 
|  65|0x0000000086100000, 0x0000000086200000, 0x0000000086200000|100%| E|CS|TAMS 0x0000000086100000, 0x0000000086100000| Complete 
|  66|0x0000000086200000, 0x0000000086300000, 0x0000000086300000|100%| E|CS|TAMS 0x0000000086200000, 0x0000000086200000| Complete 
|  67|0x0000000086300000, 0x0000000086400000, 0x0000000086400000|100%| E|CS|TAMS 0x0000000086300000, 0x0000000086300000| Complete 
|  68|0x0000000086400000, 0x0000000086500000, 0x0000000086500000|100%| E|CS|TAMS 0x0000000086400000, 0x0000000086400000| Complete 
|  69|0x0000000086500000, 0x0000000086600000, 0x0000000086600000|100%| E|CS|TAMS 0x0000000086500000, 0x0000000086500000| Complete 
|  70|0x0000000086600000, 0x0000000086700000, 0x0000000086700000|100%| E|CS|TAMS 0x0000000086600000, 0x0000000086600000| Complete 
|  71|0x0000000086700000, 0x0000000086800000, 0x0000000086800000|100%| E|CS|TAMS 0x0000000086700000, 0x0000000086700000| Complete 
|  72|0x0000000086800000, 0x0000000086900000, 0x0000000086900000|100%| E|CS|TAMS 0x0000000086800000, 0x0000000086800000| Complete 
|  73|0x0000000086900000, 0x0000000086a00000, 0x0000000086a00000|100%| E|CS|TAMS 0x0000000086900000, 0x0000000086900000| Complete 
|  74|0x0000000086a00000, 0x0000000086b00000, 0x0000000086b00000|100%| E|CS|TAMS 0x0000000086a00000, 0x0000000086a00000| Complete 
|  75|0x0000000086b00000, 0x0000000086c00000, 0x0000000086c00000|100%| E|CS|TAMS 0x0000000086b00000, 0x0000000086b00000| Complete 
|  76|0x0000000086c00000, 0x0000000086d00000, 0x0000000086d00000|100%| E|CS|TAMS 0x0000000086c00000, 0x0000000086c00000| Complete 
|  77|0x0000000086d00000, 0x0000000086e00000, 0x0000000086e00000|100%| E|CS|TAMS 0x0000000086d00000, 0x0000000086d00000| Complete 
|  78|0x0000000086e00000, 0x0000000086f00000, 0x0000000086f00000|100%| E|CS|TAMS 0x0000000086e00000, 0x0000000086e00000| Complete 
|  79|0x0000000086f00000, 0x0000000087000000, 0x0000000087000000|100%| E|CS|TAMS 0x0000000086f00000, 0x0000000086f00000| Complete 
|  80|0x0000000087000000, 0x0000000087100000, 0x0000000087100000|100%| E|CS|TAMS 0x0000000087000000, 0x0000000087000000| Complete 
|  81|0x0000000087100000, 0x0000000087200000, 0x0000000087200000|100%| E|CS|TAMS 0x0000000087100000, 0x0000000087100000| Complete 
|  82|0x0000000087200000, 0x0000000087300000, 0x0000000087300000|100%| E|CS|TAMS 0x0000000087200000, 0x0000000087200000| Complete 
|  83|0x0000000087300000, 0x0000000087400000, 0x0000000087400000|100%| E|CS|TAMS 0x0000000087300000, 0x0000000087300000| Complete 
|  84|0x0000000087400000, 0x0000000087500000, 0x0000000087500000|100%| E|CS|TAMS 0x0000000087400000, 0x0000000087400000| Complete 
|  85|0x0000000087500000, 0x0000000087600000, 0x0000000087600000|100%| E|CS|TAMS 0x0000000087500000, 0x0000000087500000| Complete 
|  86|0x0000000087600000, 0x0000000087700000, 0x0000000087700000|100%| E|CS|TAMS 0x0000000087600000, 0x0000000087600000| Complete 
|  87|0x0000000087700000, 0x0000000087800000, 0x0000000087800000|100%| E|CS|TAMS 0x0000000087700000, 0x0000000087700000| Complete 
|  88|0x0000000087800000, 0x0000000087900000, 0x0000000087900000|100%| E|CS|TAMS 0x0000000087800000, 0x0000000087800000| Complete 
|  89|0x0000000087900000, 0x0000000087a00000, 0x0000000087a00000|100%| E|CS|TAMS 0x0000000087900000, 0x0000000087900000| Complete 
|  90|0x0000000087a00000, 0x0000000087b00000, 0x0000000087b00000|100%| E|CS|TAMS 0x0000000087a00000, 0x0000000087a00000| Complete 
|  91|0x0000000087b00000, 0x0000000087c00000, 0x0000000087c00000|100%| E|CS|TAMS 0x0000000087b00000, 0x0000000087b00000| Complete 
|  92|0x0000000087c00000, 0x0000000087d00000, 0x0000000087d00000|100%| E|CS|TAMS 0x0000000087c00000, 0x0000000087c00000| Complete 
|  93|0x0000000087d00000, 0x0000000087e00000, 0x0000000087e00000|100%| E|CS|TAMS 0x0000000087d00000, 0x0000000087d00000| Complete 
|  94|0x0000000087e00000, 0x0000000087f00000, 0x0000000087f00000|100%| E|CS|TAMS 0x0000000087e00000, 0x0000000087e00000| Complete 
| 125|0x0000000089d00000, 0x0000000089e00000, 0x0000000089e00000|100%| E|CS|TAMS 0x0000000089d00000, 0x0000000089d00000| Complete 
|2011|0x00000000ffb00000, 0x00000000ffc00000, 0x00000000ffc00000|100%| E|CS|TAMS 0x00000000ffb00000, 0x00000000ffb00000| Complete 
|2012|0x00000000ffc00000, 0x00000000ffd00000, 0x00000000ffd00000|100%| O|  |TAMS 0x00000000ffd00000, 0x00000000ffc00000| Untracked 
|2013|0x00000000ffd00000, 0x00000000ffe00000, 0x00000000ffe00000|100%| O|  |TAMS 0x00000000ffe00000, 0x00000000ffd00000| Untracked 
|2014|0x00000000ffe00000, 0x00000000fff00000, 0x00000000fff00000|100%| O|  |TAMS 0x00000000fff00000, 0x00000000ffe00000| Untracked 
|2015|0x00000000fff00000, 0x0000000100000000, 0x0000000100000000|100%| O|  |TAMS 0x0000000100000000, 0x00000000fff00000| Untracked 

Card table byte_map: [0x000001454d000000,0x000001454d3f0000] _byte_map_base: 0x000001454cbf0000

Marking Bits (Prev, Next): (CMBitMap*) 0x00000145347014e0, (CMBitMap*) 0x00000145347014a0
 Prev Bits: [0x000001454f760000, 0x00000145516e0000)
 Next Bits: [0x000001454d7e0000, 0x000001454f760000)

Polling page: 0x0000014534490000

Metaspace:

Usage:
  Non-class:     38.50 MB used.
      Class:      4.88 MB used.
       Both:     43.38 MB used.

Virtual space:
  Non-class space:       40.00 MB reserved,      38.75 MB ( 97%) committed,  5 nodes.
      Class space:        1.00 GB reserved,       5.06 MB ( <1%) committed,  1 nodes.
              Both:        1.04 GB reserved,      43.81 MB (  4%) committed. 

Chunk freelists:
   Non-Class:  1.23 MB
       Class:  2.85 MB
        Both:  4.08 MB

MaxMetaspaceSize: 17179869184.00 GB
CompressedClassSpaceSize: 1.00 GB
 - commit_granule_bytes: 65536.
 - commit_granule_words: 8192.
 - virtual_space_node_default_size: 1048576.
 - enlarge_chunks_in_place: 1.
 - new_chunks_are_fully_committed: 0.
 - uncommit_free_chunks: 1.
 - use_allocation_guard: 0.
 - handle_deallocations: 1.


Internal statistics:

num_allocs_failed_limit: 3.
num_arena_births: 326.
num_arena_deaths: 12.
num_vsnodes_births: 6.
num_vsnodes_deaths: 0.
num_space_committed: 719.
num_space_uncommitted: 18.
num_chunks_returned_to_freelist: 95.
num_chunks_taken_from_freelist: 1909.
num_chunk_merges: 26.
num_chunk_splits: 1313.
num_chunks_enlarged: 999.
num_purges: 2.

CodeHeap 'non-profiled nmethods': size=120000Kb used=6108Kb max_used=6108Kb free=113891Kb
 bounds [0x00000145450c0000, 0x00000145456c0000, 0x000001454c5f0000]
CodeHeap 'profiled nmethods': size=120000Kb used=17817Kb max_used=17817Kb free=102182Kb
 bounds [0x000001453db90000, 0x000001453ed10000, 0x00000145450c0000]
CodeHeap 'non-nmethods': size=5760Kb used=1306Kb max_used=1367Kb free=4453Kb
 bounds [0x000001453d5f0000, 0x000001453d860000, 0x000001453db90000]
 total_blobs=8401 nmethods=7777 adapters=536
 compilation: enabled
              stopped_count=0, restarted_count=0
 full_count=0

Compilation events (20 events):
Event: 57.356 Thread 0x0000014553d21940 nmethod 9521 0x00000145456b6990 code [0x00000145456b6b20, 0x00000145456b6bf8]
Event: 57.356 Thread 0x0000014553d21940 9522       3       org.apache.http.util.ByteArrayBuffer::capacity (6 bytes)
Event: 57.356 Thread 0x0000014553d21940 nmethod 9522 0x000001453e215d90 code [0x000001453e215f20, 0x000001453e216038]
Event: 57.356 Thread 0x0000014553d21940 9523       3       com.sun.crypto.provider.GHASH::update (37 bytes)
Event: 57.357 Thread 0x0000014553d21940 nmethod 9523 0x000001453e215890 code [0x000001453e215a60, 0x000001453e215c98]
Event: 57.515 Thread 0x0000014553d21940 9524       1       sun.security.ssl.SSLCipher$T12GcmWriteCipherGenerator$GcmWriteCipher::getExplicitNonceSize (5 bytes)
Event: 57.516 Thread 0x0000014553d21940 nmethod 9524 0x00000145456b6c90 code [0x00000145456b6e20, 0x00000145456b6ef8]
Event: 57.602 Thread 0x0000014553d21940 9525       3       java.security.MessageDigest::isEqual (100 bytes)
Event: 57.602 Thread 0x0000014553d21940 nmethod 9525 0x000001453e215190 code [0x000001453e215360, 0x000001453e215778]
Event: 57.624 Thread 0x0000014553d21940 9526  s    1       java.io.ByteArrayOutputStream::size (5 bytes)
Event: 57.624 Thread 0x0000014553d21940 nmethod 9526 0x00000145456b6f90 code [0x00000145456b7120, 0x00000145456b7298]
Event: 57.755 Thread 0x0000014553d21940 9527   !   3       javax.crypto.Cipher::chooseFirstProvider (302 bytes)
Event: 57.757 Thread 0x0000014553d21940 nmethod 9527 0x000001453dd69b10 code [0x000001453dd69e60, 0x000001453dd6b638]
Event: 57.757 Thread 0x0000014553d21940 9528       3       com.sun.crypto.provider.CipherCore::getOutputSizeByOperation (177 bytes)
Event: 57.758 Thread 0x0000014553d21940 nmethod 9528 0x000001453e213d10 code [0x000001453e213fa0, 0x000001453e214d78]
Event: 58.009 Thread 0x0000014553d21940 9529       3       com.sun.crypto.provider.GHASH::ghashRangeCheck (215 bytes)
Event: 58.011 Thread 0x0000014553d21940 nmethod 9529 0x000001453dd66510 code [0x000001453dd66a80, 0x000001453dd68e38]
Event: 58.022 Thread 0x0000014553d21940 9530       3       com.sun.crypto.provider.FeedbackCipher::<init> (18 bytes)
Event: 58.022 Thread 0x0000014553d21940 nmethod 9530 0x000001453dd65f90 code [0x000001453dd66140, 0x000001453dd663e8]
Event: 58.056 Thread 0x0000014553d15940 9531 %     4       com.sun.crypto.provider.GHASH::processBlocks @ 3 (26 bytes)

GC Heap History (20 events):
Event: 34.834 GC heap before
{Heap before GC invocations=22 (full 0):
 garbage-first heap   total 84992K, used 71118K [0x0000000082000000, 0x0000000100000000)
  region size 1024K, 26 young (26624K), 3 survivors (3072K)
 Metaspace       used 30100K, committed 30464K, reserved 1081344K
  class space    used 3195K, committed 3392K, reserved 1048576K
}
Event: 34.850 GC heap after
{Heap after GC invocations=23 (full 0):
 garbage-first heap   total 84992K, used 46956K [0x0000000082000000, 0x0000000100000000)
  region size 1024K, 2 young (2048K), 2 survivors (2048K)
 Metaspace       used 30100K, committed 30464K, reserved 1081344K
  class space    used 3195K, committed 3392K, reserved 1048576K
}
Event: 37.119 GC heap before
{Heap before GC invocations=23 (full 0):
 garbage-first heap   total 84992K, used 68460K [0x0000000082000000, 0x0000000100000000)
  region size 1024K, 23 young (23552K), 2 survivors (2048K)
 Metaspace       used 31343K, committed 31680K, reserved 1081344K
  class space    used 3349K, committed 3520K, reserved 1048576K
}
Event: 37.127 GC heap after
{Heap after GC invocations=24 (full 0):
 garbage-first heap   total 84992K, used 47498K [0x0000000082000000, 0x0000000100000000)
  region size 1024K, 2 young (2048K), 2 survivors (2048K)
 Metaspace       used 31343K, committed 31680K, reserved 1081344K
  class space    used 3349K, committed 3520K, reserved 1048576K
}
Event: 37.863 GC heap before
{Heap before GC invocations=25 (full 0):
 garbage-first heap   total 86016K, used 70026K [0x0000000082000000, 0x0000000100000000)
  region size 1024K, 24 young (24576K), 2 survivors (2048K)
 Metaspace       used 31369K, committed 31680K, reserved 1081344K
  class space    used 3349K, committed 3520K, reserved 1048576K
}
Event: 37.873 GC heap after
{Heap after GC invocations=26 (full 0):
 garbage-first heap   total 86016K, used 48755K [0x0000000082000000, 0x0000000100000000)
  region size 1024K, 2 young (2048K), 2 survivors (2048K)
 Metaspace       used 31369K, committed 31680K, reserved 1081344K
  class space    used 3349K, committed 3520K, reserved 1048576K
}
Event: 37.948 GC heap before
{Heap before GC invocations=26 (full 0):
 garbage-first heap   total 86016K, used 50803K [0x0000000082000000, 0x0000000100000000)
  region size 1024K, 4 young (4096K), 2 survivors (2048K)
 Metaspace       used 31369K, committed 31680K, reserved 1081344K
  class space    used 3349K, committed 3520K, reserved 1048576K
}
Event: 37.972 GC heap after
{Heap after GC invocations=27 (full 0):
 garbage-first heap   total 86016K, used 43560K [0x0000000082000000, 0x0000000100000000)
  region size 1024K, 1 young (1024K), 1 survivors (1024K)
 Metaspace       used 31369K, committed 31680K, reserved 1081344K
  class space    used 3349K, committed 3520K, reserved 1048576K
}
Event: 38.860 GC heap before
{Heap before GC invocations=27 (full 0):
 garbage-first heap   total 86016K, used 68136K [0x0000000082000000, 0x0000000100000000)
  region size 1024K, 26 young (26624K), 1 survivors (1024K)
 Metaspace       used 31405K, committed 31744K, reserved 1081344K
  class space    used 3349K, committed 3520K, reserved 1048576K
}
Event: 38.865 GC heap after
{Heap after GC invocations=28 (full 0):
 garbage-first heap   total 86016K, used 44380K [0x0000000082000000, 0x0000000100000000)
  region size 1024K, 2 young (2048K), 2 survivors (2048K)
 Metaspace       used 31405K, committed 31744K, reserved 1081344K
  class space    used 3349K, committed 3520K, reserved 1048576K
}
Event: 39.993 GC heap before
{Heap before GC invocations=29 (full 0):
 garbage-first heap   total 86016K, used 68956K [0x0000000082000000, 0x0000000100000000)
  region size 1024K, 27 young (27648K), 2 survivors (2048K)
 Metaspace       used 29794K, committed 30656K, reserved 1081344K
  class space    used 3161K, committed 3456K, reserved 1048576K
}
Event: 40.000 GC heap after
{Heap after GC invocations=30 (full 0):
 garbage-first heap   total 103424K, used 46445K [0x0000000082000000, 0x0000000100000000)
  region size 1024K, 4 young (4096K), 4 survivors (4096K)
 Metaspace       used 29794K, committed 30656K, reserved 1081344K
  class space    used 3161K, committed 3456K, reserved 1048576K
}
Event: 40.012 GC heap before
{Heap before GC invocations=30 (full 0):
 garbage-first heap   total 103424K, used 46445K [0x0000000082000000, 0x0000000100000000)
  region size 1024K, 5 young (5120K), 4 survivors (4096K)
 Metaspace       used 29794K, committed 30656K, reserved 1081344K
  class space    used 3161K, committed 3456K, reserved 1048576K
}
Event: 40.027 GC heap after
{Heap after GC invocations=31 (full 0):
 garbage-first heap   total 103424K, used 38389K [0x0000000082000000, 0x0000000100000000)
  region size 1024K, 1 young (1024K), 1 survivors (1024K)
 Metaspace       used 29794K, committed 30656K, reserved 1081344K
  class space    used 3161K, committed 3456K, reserved 1048576K
}
Event: 40.835 GC heap before
{Heap before GC invocations=31 (full 0):
 garbage-first heap   total 103424K, used 80373K [0x0000000082000000, 0x0000000100000000)
  region size 1024K, 43 young (44032K), 1 survivors (1024K)
 Metaspace       used 31062K, committed 31360K, reserved 1081344K
  class space    used 3368K, committed 3520K, reserved 1048576K
}
Event: 40.839 GC heap after
{Heap after GC invocations=32 (full 0):
 garbage-first heap   total 103424K, used 40871K [0x0000000082000000, 0x0000000100000000)
  region size 1024K, 3 young (3072K), 3 survivors (3072K)
 Metaspace       used 31062K, committed 31360K, reserved 1081344K
  class space    used 3368K, committed 3520K, reserved 1048576K
}
Event: 42.693 GC heap before
{Heap before GC invocations=32 (full 0):
 garbage-first heap   total 103424K, used 81831K [0x0000000082000000, 0x0000000100000000)
  region size 1024K, 43 young (44032K), 3 survivors (3072K)
 Metaspace       used 31454K, committed 31808K, reserved 1081344K
  class space    used 3429K, committed 3584K, reserved 1048576K
}
Event: 42.701 GC heap after
{Heap after GC invocations=33 (full 0):
 garbage-first heap   total 103424K, used 42564K [0x0000000082000000, 0x0000000100000000)
  region size 1024K, 5 young (5120K), 5 survivors (5120K)
 Metaspace       used 31454K, committed 31808K, reserved 1081344K
  class space    used 3429K, committed 3584K, reserved 1048576K
}
Event: 53.287 GC heap before
{Heap before GC invocations=33 (full 0):
 garbage-first heap   total 103424K, used 82500K [0x0000000082000000, 0x0000000100000000)
  region size 1024K, 44 young (45056K), 5 survivors (5120K)
 Metaspace       used 36107K, committed 36544K, reserved 1081344K
  class space    used 4007K, committed 4224K, reserved 1048576K
}
Event: 53.298 GC heap after
{Heap after GC invocations=34 (full 0):
 garbage-first heap   total 103424K, used 46459K [0x0000000082000000, 0x0000000100000000)
  region size 1024K, 6 young (6144K), 6 survivors (6144K)
 Metaspace       used 36107K, committed 36544K, reserved 1081344K
  class space    used 4007K, committed 4224K, reserved 1048576K
}

Deoptimization events (20 events):
Event: 56.423 Thread 0x00000145346c2230 DEOPT PACKING pc=0x000001453dda6711 sp=0x00000013fc9fc430
Event: 56.423 Thread 0x00000145346c2230 DEOPT UNPACKING pc=0x000001453d63dece sp=0x00000013fc9fb860 mode 0
Event: 56.424 Thread 0x00000145346c2230 DEOPT PACKING pc=0x000001453dda6711 sp=0x00000013fc9fc430
Event: 56.424 Thread 0x00000145346c2230 DEOPT UNPACKING pc=0x000001453d63dece sp=0x00000013fc9fb860 mode 0
Event: 56.424 Thread 0x00000145346c2230 DEOPT PACKING pc=0x000001453dda6711 sp=0x00000013fc9fc430
Event: 56.424 Thread 0x00000145346c2230 DEOPT UNPACKING pc=0x000001453d63dece sp=0x00000013fc9fb860 mode 0
Event: 56.427 Thread 0x00000145346c2230 DEOPT PACKING pc=0x000001453dda6711 sp=0x00000013fc9fc430
Event: 56.427 Thread 0x00000145346c2230 DEOPT UNPACKING pc=0x000001453d63dece sp=0x00000013fc9fb860 mode 0
Event: 56.427 Thread 0x00000145346c2230 DEOPT PACKING pc=0x000001453dda6711 sp=0x00000013fc9fc430
Event: 56.427 Thread 0x00000145346c2230 DEOPT UNPACKING pc=0x000001453d63dece sp=0x00000013fc9fb860 mode 0
Event: 56.427 Thread 0x00000145346c2230 DEOPT PACKING pc=0x000001453dda6711 sp=0x00000013fc9fc430
Event: 56.427 Thread 0x00000145346c2230 DEOPT UNPACKING pc=0x000001453d63dece sp=0x00000013fc9fb860 mode 0
Event: 56.562 Thread 0x00000145346c2230 DEOPT PACKING pc=0x000001453ea84463 sp=0x00000013fc9fc7d0
Event: 56.562 Thread 0x00000145346c2230 DEOPT UNPACKING pc=0x000001453d63dece sp=0x00000013fc9fbc68 mode 0
Event: 56.576 Thread 0x00000145346c2230 DEOPT PACKING pc=0x000001453ea84463 sp=0x00000013fc9fc7d0
Event: 56.576 Thread 0x00000145346c2230 DEOPT UNPACKING pc=0x000001453d63dece sp=0x00000013fc9fbc68 mode 0
Event: 56.697 Thread 0x00000145346c2230 DEOPT PACKING pc=0x000001453e218c4a sp=0x00000013fc9fc2f0
Event: 56.697 Thread 0x00000145346c2230 DEOPT UNPACKING pc=0x000001453d63dece sp=0x00000013fc9fb7e0 mode 0
Event: 56.701 Thread 0x00000145346c2230 DEOPT PACKING pc=0x000001453e218c4a sp=0x00000013fc9fc2f0
Event: 56.701 Thread 0x00000145346c2230 DEOPT UNPACKING pc=0x000001453d63dece sp=0x00000013fc9fb7e0 mode 0

Classes unloaded (20 events):
Event: 38.965 Thread 0x0000014553cf56e0 Unloading class 0x0000000800eaac00 'lombok/javac/apt/LombokFileObject'
Event: 38.965 Thread 0x0000014553cf56e0 Unloading class 0x0000000800eaaa00 'lombok/javac/apt/LombokFileObjects'
Event: 38.965 Thread 0x0000014553cf56e0 Unloading class 0x0000000800eaa7c8 'lombok/javac/apt/MessagerDiagnosticsReceiver'
Event: 38.965 Thread 0x0000014553cf56e0 Unloading class 0x0000000800eaa420 'lombok/javac/apt/InterceptingJavaFileManager'
Event: 38.965 Thread 0x0000014553cf56e0 Unloading class 0x0000000800eaa218 'lombok/permit/dummy/Parent'
Event: 38.965 Thread 0x0000014553cf56e0 Unloading class 0x0000000800eaa000 'lombok/core/CleanupRegistry'
Event: 38.965 Thread 0x0000014553cf56e0 Unloading class 0x0000000800ea9cf0 'lombok/permit/Permit$Fake'
Event: 38.965 Thread 0x0000014553cf56e0 Unloading class 0x0000000800ea9af0 'lombok/permit/Permit'
Event: 38.965 Thread 0x0000014553cf56e0 Unloading class 0x0000000800ea9800 'lombok/javac/apt/LombokProcessor$1'
Event: 38.965 Thread 0x0000014553cf56e0 Unloading class 0x0000000800ea8d88 'lombok/core/DiagnosticsReceiver'
Event: 38.965 Thread 0x0000014553cf56e0 Unloading class 0x0000000800ea8af0 'lombok/javac/apt/LombokProcessor'
Event: 38.965 Thread 0x0000014553cf56e0 Unloading class 0x0000000800ea88c0 'lombok/core/AnnotationProcessor$EcjDescriptor'
Event: 38.965 Thread 0x0000014553cf56e0 Unloading class 0x0000000800ea8688 'lombok/core/AnnotationProcessor$JavacDescriptor'
Event: 38.965 Thread 0x0000014553cf56e0 Unloading class 0x0000000800ea8280 'lombok/core/AnnotationProcessor$ProcessorDescriptor'
Event: 38.965 Thread 0x0000014553cf56e0 Unloading class 0x0000000800ea8000 'lombok/core/AnnotationProcessor'
Event: 38.965 Thread 0x0000014553cf56e0 Unloading class 0x0000000800ea9200 'lombok/launch/AnnotationProcessorHider$ClaimingProcessor'
Event: 38.965 Thread 0x0000014553cf56e0 Unloading class 0x0000000800ea9000 'lombok/launch/AnnotationProcessorHider$AstModificationNotifierData'
Event: 38.965 Thread 0x0000014553cf56e0 Unloading class 0x0000000800e7c480 'lombok/launch/ShadowClassLoader'
Event: 38.965 Thread 0x0000014553cf56e0 Unloading class 0x0000000800e7c280 'lombok/launch/Main'
Event: 38.965 Thread 0x0000014553cf56e0 Unloading class 0x0000000800e7c000 'lombok/launch/AnnotationProcessorHider$AnnotationProcessor'

Classes redefined (0 events):
No events

Internal exceptions (20 events):
Event: 38.991 Thread 0x0000014553cfbfd0 Implicit null exception at 0x00000145452abef0 to 0x00000145452ac080
Event: 38.992 Thread 0x0000014553cfbfd0 Implicit null exception at 0x00000145452ac7f0 to 0x00000145452ac990
Event: 40.663 Thread 0x00000145346c2230 Exception <a 'java/lang/NoClassDefFoundError'{0x0000000085a03300}: org/sonatype/aether/metadata/Metadata> (0x0000000085a03300) 
thrown [t:\workspace\open\src\hotspot\share\classfile\systemDictionary.cpp, line 245]
Event: 40.700 Thread 0x00000145346c2230 Exception <a 'java/lang/NoClassDefFoundError'{0x000000008591ac88}: org/sonatype/aether/artifact/Artifact> (0x000000008591ac88) 
thrown [t:\workspace\open\src\hotspot\share\classfile\systemDictionary.cpp, line 245]
Event: 40.720 Thread 0x00000145346c2230 Exception <a 'java/lang/NoClassDefFoundError'{0x00000000859c5850}: org/sonatype/aether/resolution/ArtifactDescriptorException> (0x00000000859c5850) 
thrown [t:\workspace\open\src\hotspot\share\classfile\systemDictionary.cpp, line 245]
Event: 40.786 Thread 0x00000145346c2230 Exception <a 'java/lang/NoClassDefFoundError'{0x00000000857643d8}: org/sonatype/aether/installation/InstallationException> (0x00000000857643d8) 
thrown [t:\workspace\open\src\hotspot\share\classfile\systemDictionary.cpp, line 245]
Event: 40.850 Thread 0x00000145346c2230 Exception <a 'java/lang/NoClassDefFoundError'{0x00000000ffb42548}: org/sonatype/aether/deployment/DeploymentException> (0x00000000ffb42548) 
thrown [t:\workspace\open\src\hotspot\share\classfile\systemDictionary.cpp, line 245]
Event: 40.856 Thread 0x00000145346c2230 Exception <a 'java/lang/NoClassDefFoundError'{0x00000000ffb7c998}: org/sonatype/aether/artifact/ArtifactType> (0x00000000ffb7c998) 
thrown [t:\workspace\open\src\hotspot\share\classfile\systemDictionary.cpp, line 245]
Event: 40.862 Thread 0x00000145346c2230 Exception <a 'java/lang/NoClassDefFoundError'{0x00000000ffbbafb8}: org/sonatype/aether/metadata/Metadata> (0x00000000ffbbafb8) 
thrown [t:\workspace\open\src\hotspot\share\classfile\systemDictionary.cpp, line 245]
Event: 40.873 Thread 0x00000145346c2230 Exception <a 'java/lang/NoClassDefFoundError'{0x0000000089d0c9b8}: org/sonatype/aether/graph/Dependency> (0x0000000089d0c9b8) 
thrown [t:\workspace\open\src\hotspot\share\classfile\systemDictionary.cpp, line 245]
Event: 43.225 Thread 0x00000145346c2230 Exception <a 'java/lang/NoClassDefFoundError'{0x00000000872b23a0}: org/codehaus/plexus/util/interpolation/ValueSource> (0x00000000872b23a0) 
thrown [t:\workspace\open\src\hotspot\share\classfile\systemDictionary.cpp, line 245]
Event: 46.562 Thread 0x00000145346c2230 Exception <a 'java/lang/NoSuchMethodError'{0x0000000086a017a0}: 'void java.lang.invoke.DirectMethodHandle$Holder.invokeStatic(java.lang.Object, java.lang.Object, java.lang.Object, java.lang.Object)'> (0x0000000086a017a0) 
thrown [t:\workspace\open\src\hotspot\share\interpreter\linkResolver.cpp, line 790]
Event: 46.567 Thread 0x00000145346c2230 Exception <a 'java/lang/NoSuchMethodError'{0x0000000086a0fec0}: 'void java.lang.invoke.DirectMethodHandle$Holder.invokeStatic(java.lang.Object, java.lang.Object, java.lang.Object)'> (0x0000000086a0fec0) 
thrown [t:\workspace\open\src\hotspot\share\interpreter\linkResolver.cpp, line 790]
Event: 46.568 Thread 0x00000145346c2230 Exception <a 'sun/nio/fs/WindowsException'{0x0000000086a17470}> (0x0000000086a17470) 
thrown [t:\workspace\open\src\hotspot\share\prims\jni.cpp, line 579]
Event: 52.225 Thread 0x00000145346c2230 Exception <a 'java/io/FileNotFoundException'{0x00000000860f8b30}> (0x00000000860f8b30) 
thrown [t:\workspace\open\src\hotspot\share\prims\jni.cpp, line 579]
Event: 53.071 Thread 0x00000145346c2230 Exception <a 'java/lang/NoClassDefFoundError'{0x0000000085b524d0}: org/apache/log4j/Priority> (0x0000000085b524d0) 
thrown [t:\workspace\open\src\hotspot\share\classfile\systemDictionary.cpp, line 245]
Event: 53.179 Thread 0x00000145346c2230 Exception <a 'sun/nio/fs/WindowsException'{0x0000000085a01248}> (0x0000000085a01248) 
thrown [t:\workspace\open\src\hotspot\share\prims\jni.cpp, line 579]
Event: 53.219 Thread 0x00000145346c2230 Exception <a 'java/lang/NoSuchMethodError'{0x0000000085a20a90}: 'int java.lang.invoke.DirectMethodHandle$Holder.invokeStaticInit(java.lang.Object, java.lang.Object, java.lang.Object, java.lang.Object)'> (0x0000000085a20a90) 
thrown [t:\workspace\open\src\hotspot\share\interpreter\linkResolver.cpp, line 790]
Event: 53.221 Thread 0x00000145346c2230 Exception <a 'java/lang/IncompatibleClassChangeError'{0x0000000085a2a330}: Found class java.lang.Object, but interface was expected> (0x0000000085a2a330) 
thrown [t:\workspace\open\src\hotspot\share\interpreter\linkResolver.cpp, line 857]
Event: 53.223 Thread 0x00000145346c2230 Exception <a 'java/lang/NoSuchMethodError'{0x0000000085a2d308}: 'void java.lang.invoke.DirectMethodHandle$Holder.invokeStaticInit(java.lang.Object, java.lang.Object)'> (0x0000000085a2d308) 
thrown [t:\workspace\open\src\hotspot\share\interpreter\linkResolver.cpp, line 790]

Events (20 events):
Event: 56.266 loading class sun/security/ssl/SSLTrafficKeyDerivation$LegacyTrafficKeyDerivation
Event: 56.266 loading class sun/security/ssl/SSLTrafficKeyDerivation$LegacyTrafficKeyDerivation done
Event: 56.266 loading class sun/security/internal/spec/TlsKeyMaterialParameterSpec
Event: 56.267 loading class sun/security/internal/spec/TlsKeyMaterialParameterSpec done
Event: 56.267 loading class com/sun/crypto/provider/TlsKeyMaterialGenerator
Event: 56.268 loading class com/sun/crypto/provider/TlsKeyMaterialGenerator done
Event: 56.268 loading class sun/security/internal/spec/TlsKeyMaterialSpec
Event: 56.268 loading class sun/security/internal/spec/TlsKeyMaterialSpec done
Event: 56.268 loading class sun/security/internal/spec/TlsPrfParameterSpec
Event: 56.268 loading class sun/security/internal/spec/TlsPrfParameterSpec done
Event: 56.269 loading class com/sun/crypto/provider/TlsPrfGenerator$V12
Event: 56.269 loading class com/sun/crypto/provider/TlsPrfGenerator$V12 done
Event: 56.269 loading class sun/security/ssl/Authenticator$TLS10Authenticator
Event: 56.269 loading class sun/security/ssl/Authenticator$TLS10Authenticator done
Event: 56.269 loading class sun/security/ssl/SSLCipher$T12GcmWriteCipherGenerator$GcmWriteCipher
Event: 56.271 loading class sun/security/ssl/SSLCipher$T12GcmWriteCipherGenerator$GcmWriteCipher done
Event: 56.413 loading class sun/security/ssl/SSLCipher$T12GcmReadCipherGenerator$GcmReadCipher
Event: 56.413 loading class sun/security/ssl/SSLCipher$T12GcmReadCipherGenerator$GcmReadCipher done
Event: 56.848 Executing  VM operation: Cleanup
Event: 56.848 Executing  VM operation: Cleanup done


Dynamic libraries:
0x00007ff765560000 - 0x00007ff76556e000 	C:\Users\UserX\.jdks\openjdk-16.0.1\bin\java.exe
0x00007ff8237b0000 - 0x00007ff82399d000 	C:\Windows\SYSTEM32\ntdll.dll
0x00007ff822b50000 - 0x00007ff822c03000 	C:\Windows\System32\KERNEL32.DLL
0x00007ff820690000 - 0x00007ff820925000 	C:\Windows\System32\KERNELBASE.dll
0x00007ff8202a0000 - 0x00007ff82039a000 	C:\Windows\System32\ucrtbase.dll
0x00007ff8178e0000 - 0x00007ff8178f9000 	C:\Users\UserX\.jdks\openjdk-16.0.1\bin\VCRUNTIME140.dll
0x00007ff817500000 - 0x00007ff817518000 	C:\Users\UserX\.jdks\openjdk-16.0.1\bin\jli.dll
0x00007ff820f70000 - 0x00007ff821107000 	C:\Windows\System32\USER32.dll
0x00007ff820280000 - 0x00007ff8202a0000 	C:\Windows\System32\win32u.dll
0x00007ff822d70000 - 0x00007ff822d99000 	C:\Windows\System32\GDI32.dll
0x00007ff820420000 - 0x00007ff8205bc000 	C:\Windows\System32\gdi32full.dll
0x00007ff820930000 - 0x00007ff8209d0000 	C:\Windows\System32\msvcp_win.dll
0x00007ff80f7d0000 - 0x00007ff80fa49000 	C:\Windows\WinSxS\amd64_microsoft.windows.common-controls_6595b64144ccf1df_6.0.17763.1577_none_de7444545348a3d0\COMCTL32.dll
0x00007ff821120000 - 0x00007ff8211be000 	C:\Windows\System32\msvcrt.dll
0x00007ff820c40000 - 0x00007ff820f6d000 	C:\Windows\System32\combase.dll
0x00007ff822ee0000 - 0x00007ff823002000 	C:\Windows\System32\RPCRT4.dll
0x00007ff8203a0000 - 0x00007ff82041e000 	C:\Windows\System32\bcryptPrimitives.dll
0x00007ff822eb0000 - 0x00007ff822ede000 	C:\Windows\System32\IMM32.DLL
0x00007ff8184c0000 - 0x00007ff8184cc000 	C:\Users\UserX\.jdks\openjdk-16.0.1\bin\vcruntime140_1.dll
0x00007fffedf70000 - 0x00007fffee001000 	C:\Users\UserX\.jdks\openjdk-16.0.1\bin\msvcp140.dll
0x00007fffca1d0000 - 0x00007fffcad7b000 	C:\Users\UserX\.jdks\openjdk-16.0.1\bin\server\jvm.dll
0x00007ff821360000 - 0x00007ff821403000 	C:\Windows\System32\ADVAPI32.dll
0x00007ff8236e0000 - 0x00007ff82377e000 	C:\Windows\System32\sechost.dll
0x00007ff821110000 - 0x00007ff821118000 	C:\Windows\System32\PSAPI.DLL
0x00007ff800050000 - 0x00007ff800059000 	C:\Windows\SYSTEM32\WSOCK32.dll
0x00007ff823670000 - 0x00007ff8236dd000 	C:\Windows\System32\WS2_32.dll
0x00007ff81b880000 - 0x00007ff81b8a4000 	C:\Windows\SYSTEM32\WINMM.dll
0x00007ff81f540000 - 0x00007ff81f54a000 	C:\Windows\SYSTEM32\VERSION.dll
0x00007ff81b850000 - 0x00007ff81b87d000 	C:\Windows\SYSTEM32\winmmbase.dll
0x00007ff820230000 - 0x00007ff82027a000 	C:\Windows\System32\cfgmgr32.dll
0x00007ff81f840000 - 0x00007ff81f851000 	C:\Windows\System32\kernel.appcore.dll
0x00007ff8174f0000 - 0x00007ff8174fa000 	C:\Users\UserX\.jdks\openjdk-16.0.1\bin\jimage.dll
0x00007ff80dd50000 - 0x00007ff80df3d000 	C:\Windows\SYSTEM32\DBGHELP.DLL
0x00007ff80dd20000 - 0x00007ff80dd4a000 	C:\Windows\SYSTEM32\dbgcore.DLL
0x00007ff8174e0000 - 0x00007ff8174ee000 	C:\Users\UserX\.jdks\openjdk-16.0.1\bin\instrument.dll
0x00007ff80ed90000 - 0x00007ff80edb5000 	C:\Users\UserX\.jdks\openjdk-16.0.1\bin\java.dll
0x00007ff821410000 - 0x00007ff822909000 	C:\Windows\System32\SHELL32.dll
0x00007ff823010000 - 0x00007ff8230b8000 	C:\Windows\System32\shcore.dll
0x00007ff81fa40000 - 0x00007ff820193000 	C:\Windows\System32\windows.storage.dll
0x00007ff81f810000 - 0x00007ff81f834000 	C:\Windows\System32\profapi.dll
0x00007ff81f7b0000 - 0x00007ff81f80d000 	C:\Windows\System32\powrprof.dll
0x00007ff8209d0000 - 0x00007ff820a22000 	C:\Windows\System32\shlwapi.dll
0x00007ff8205c0000 - 0x00007ff8205d7000 	C:\Windows\System32\cryptsp.dll
0x00007ff80ed70000 - 0x00007ff80ed88000 	C:\Users\UserX\.jdks\openjdk-16.0.1\bin\zip.dll
0x00007ff80ed50000 - 0x00007ff80ed69000 	C:\Users\UserX\.jdks\openjdk-16.0.1\bin\net.dll
0x00007ff8115b0000 - 0x00007ff8116a4000 	C:\Windows\SYSTEM32\WINHTTP.dll
0x00007ff81ef40000 - 0x00007ff81efa7000 	C:\Windows\system32\mswsock.dll
0x00007ff80bd20000 - 0x00007ff80bd33000 	C:\Users\UserX\.jdks\openjdk-16.0.1\bin\nio.dll
0x00007ff80a2d0000 - 0x00007ff80a2ea000 	C:\Users\UserX\AppData\Local\JetBrains\Toolbox\apps\IDEA-U\ch-0\211.7142.45\bin\breakgen64.dll
0x00007ff8174d0000 - 0x00007ff8174e0000 	C:\Users\UserX\.jdks\openjdk-16.0.1\bin\verify.dll
0x00007ff81ead0000 - 0x00007ff81eb03000 	C:\Windows\system32\rsaenh.dll
0x00007ff8201a0000 - 0x00007ff8201c6000 	C:\Windows\System32\bcrypt.dll
0x00007ff81f690000 - 0x00007ff81f6b9000 	C:\Windows\SYSTEM32\USERENV.dll
0x00007ff81f0c0000 - 0x00007ff81f0cc000 	C:\Windows\SYSTEM32\CRYPTBASE.dll
0x00007ff81ec70000 - 0x00007ff81ecad000 	C:\Windows\SYSTEM32\IPHLPAPI.DLL
0x00007ff822990000 - 0x00007ff822998000 	C:\Windows\System32\NSI.dll
0x00007ff812560000 - 0x00007ff812576000 	C:\Windows\SYSTEM32\dhcpcsvc6.DLL
0x00007ff812540000 - 0x00007ff81255c000 	C:\Windows\SYSTEM32\dhcpcsvc.DLL
0x00007ff81ecb0000 - 0x00007ff81ed76000 	C:\Windows\SYSTEM32\DNSAPI.dll
0x00007ff816ea0000 - 0x00007ff816eaa000 	C:\Users\UserX\AppData\Local\Temp\jansi-1.17.1-5592942045143211962.dll
0x00007ff816d10000 - 0x00007ff816d1a000 	C:\Users\UserX\AppData\Local\Temp\jansi-1.17.1-16550388843596343842.dll
0x00007ff8126a0000 - 0x00007ff8126ae000 	C:\Users\UserX\.jdks\openjdk-16.0.1\bin\sunmscapi.dll
0x00007ff81f860000 - 0x00007ff81fa3c000 	C:\Windows\System32\CRYPT32.dll
0x00007ff81f790000 - 0x00007ff81f7a2000 	C:\Windows\System32\MSASN1.dll
0x00007ff81f260000 - 0x00007ff81f286000 	C:\Windows\SYSTEM32\ncrypt.dll
0x00007ff81f220000 - 0x00007ff81f25c000 	C:\Windows\SYSTEM32\NTASN1.dll
0x00007ff80f710000 - 0x00007ff80f71a000 	C:\Windows\System32\rasadhlp.dll
0x00007ff810f50000 - 0x00007ff810fc9000 	C:\Windows\System32\fwpuclnt.dll

dbghelp: loaded successfully - version: 4.0.5 - missing functions: none
symbol engine: initialized successfully - sym options: 0x614 - pdb path: .;C:\Users\UserX\.jdks\openjdk-16.0.1\bin;C:\Windows\SYSTEM32;C:\Windows\WinSxS\amd64_microsoft.windows.common-controls_6595b64144ccf1df_6.0.17763.1577_none_de7444545348a3d0;C:\Users\UserX\.jdks\openjdk-16.0.1\bin\server;C:\Users\UserX\AppData\Local\JetBrains\Toolbox\apps\IDEA-U\ch-0\211.7142.45\bin;C:\Users\UserX\AppData\Local\Temp

VM Arguments:
jvm_args: -Dmaven.multiModuleProjectDirectory=D:\DEV\IdeaProjects\PoliticalCompassBot -Dmaven.home=C:\Users\UserX\AppData\Local\JetBrains\Toolbox\apps\IDEA-U\ch-0\211.7142.45\plugins\maven\lib\maven3 -Dclassworlds.conf=C:\Users\UserX\AppData\Local\JetBrains\Toolbox\apps\IDEA-U\ch-0\211.7142.45\plugins\maven\lib\maven3\bin\m2.conf -Dmaven.ext.class.path=C:\Users\UserX\AppData\Local\JetBrains\Toolbox\apps\IDEA-U\ch-0\211.7142.45\plugins\maven\lib\maven-event-listener.jar -javaagent:C:\Users\UserX\AppData\Local\JetBrains\Toolbox\apps\IDEA-U\ch-0\211.7142.45\lib\idea_rt.jar=52129:C:\Users\UserX\AppData\Local\JetBrains\Toolbox\apps\IDEA-U\ch-0\211.7142.45\bin -Dfile.encoding=UTF-8 
java_command: org.codehaus.classworlds.Launcher -Didea.version=2021.1.1 clean heroku:deploy
java_class_path (initial): C:\Users\UserX\AppData\Local\JetBrains\Toolbox\apps\IDEA-U\ch-0\211.7142.45\plugins\maven\lib\maven3\boot\plexus-classworlds-2.6.0.jar;C:\Users\UserX\AppData\Local\JetBrains\Toolbox\apps\IDEA-U\ch-0\211.7142.45\plugins\maven\lib\maven3\boot\plexus-classworlds.license
Launcher Type: SUN_STANDARD

[Global flags]
     intx CICompilerCount                          = 3                                         {product} {ergonomic}
     uint ConcGCThreads                            = 1                                         {product} {ergonomic}
     uint G1ConcRefinementThreads                  = 4                                         {product} {ergonomic}
   size_t G1HeapRegionSize                         = 1048576                                   {product} {ergonomic}
    uintx GCDrainStackTargetSize                   = 64                                        {product} {ergonomic}
   size_t InitialHeapSize                          = 132120576                                 {product} {ergonomic}
   size_t MarkStackSize                            = 4194304                                   {product} {ergonomic}
   size_t MaxHeapSize                              = 2113929216                                {product} {ergonomic}
   size_t MaxNewSize                               = 1267728384                                {product} {ergonomic}
   size_t MinHeapDeltaBytes                        = 1048576                                   {product} {ergonomic}
   size_t MinHeapSize                              = 8388608                                   {product} {ergonomic}
    uintx NonNMethodCodeHeapSize                   = 5832780                                {pd product} {ergonomic}
    uintx NonProfiledCodeHeapSize                  = 122912730                              {pd product} {ergonomic}
    uintx ProfiledCodeHeapSize                     = 122912730                              {pd product} {ergonomic}
    uintx ReservedCodeCacheSize                    = 251658240                              {pd product} {ergonomic}
     bool SegmentedCodeCache                       = true                                      {product} {ergonomic}
   size_t SoftMaxHeapSize                          = 2113929216                             {manageable} {ergonomic}
     bool UseCompressedClassPointers               = true                           {product lp64_product} {ergonomic}
     bool UseCompressedOops                        = true                           {product lp64_product} {ergonomic}
     bool UseG1GC                                  = true                                      {product} {ergonomic}
     bool UseLargePagesIndividualAllocation        = false                                  {pd product} {ergonomic}

Logging:
Log output configuration:
 #0: stdout all=warning uptime,level,tags
 #1: stderr all=off uptime,level,tags

Environment Variables:
PATH=C:\Program Files (x86)\Common Files\Oracle\Java\javapath;C:\ProgramData\Oracle\Java\javapath;C:\Python38\Scripts\;C:\Python38\;C:\Program Files (x86)\Intel\iCLS Client\;C:\Program Files\Intel\iCLS Client\;C:\Windows\system32;C:\Windows;C:\Windows\System32\Wbem;C:\Windows\System32\WindowsPowerShell\v1.0\;C:\Windows\System32\OpenSSH\;C:\Program Files (x86)\Intel\Intel(R) Management Engine Components\DAL;C:\Program Files\Intel\Intel(R) Management Engine Components\DAL;C:\Program Files (x86)\Intel\Intel(R) Management Engine Components\IPT;C:\Program Files\Intel\Intel(R) Management Engine Components\IPT;C:\dev\Git\cmd;C:\Program Files\nodejs\;C:\ProgramData\chocolatey\bin;C:\Program Files (x86)\Yarn\bin\;C:\Program Files (x86)\NVIDIA Corporation\PhysX\Common;C:\Users\UserX\AppData\Local\Microsoft\WindowsApps;C:\dev\IntelliJ IDEA Community Edition 2020.1.3\bin;;C:\Program Files\heroku\bin;D:\PostgreSQL\bin;C:\Users\UserX\AppData\Roaming\npm;C:\Users\UserX\AppData\Local\Yarn\bin;C:\dev\PyCharm Community Edition 2020.2.2\bin;
USERNAME=UserX
OS=Windows_NT
PROCESSOR_IDENTIFIER=Intel64 Family 6 Model 142 Stepping 9, GenuineIntel



---------------  S Y S T E M  ---------------

OS:
 Windows 10 , 64 bit Build 17763 (10.0.17763.475)
OS uptime: 0 days 21:51 hours
Hyper-V role detected

CPU: total 4 (initial active 4) (2 cores per cpu, 2 threads per core) family 6 model 142 stepping 9 microcode 0xb4, cx8, cmov, fxsr, ht, mmx, 3dnowpref, sse, sse2, sse3, ssse3, sse4.1, sse4.2, popcnt, lzcnt, tsc, tscinvbit, avx, avx2, aes, erms, clmul, bmi1, bmi2, adx, fma, vzeroupper, clflush, clflushopt, hv

Memory: 4k page, system-wide physical 8060M (382M free)
TotalPageFile size 10108M (AvailPageFile size 1M)
current process WorkingSet (physical memory assigned to process): 259M, peak: 404M
current process commit charge ("private bytes"): 288M, peak: 436M

vm_info: OpenJDK 64-Bit Server VM (16.0.1+9-24) for windows-amd64 JRE (16.0.1+9-24), built on Mar 26 2021 19:30:07 by "mach5one" with MS VC++ 16.7 (VS2019)

END.
